<?xml version="1.0" encoding="UTF-8"?>
<!-- Generated by org.testng.reporters.JUnitReportReporter -->
<testsuite hostname="IN-PG02NM89" failures="0" tests="6" name="PG.QA.PaymentMethod" time="-1702544640.000" errors="1" timestamp="2023-12-14T14:34:25 IST" skipped="5">
  <testcase classname="PG.QA.PaymentMethod" name="setUp" time="-1702544640.000">
    <error message="
Can inject only one of &lt;ITestContext, XmlTest&gt; into a @BeforeTest annotated setUp.
For more information on native dependency injection please refer to https://testng.org/doc/documentation-main.html#native-dependency-injection" type="org.testng.TestNGException">
      <![CDATA[org.testng.TestNGException: 
Can inject only one of <ITestContext, XmlTest> into a @BeforeTest annotated setUp.
For more information on native dependency injection please refer to https://testng.org/doc/documentation-main.html#native-dependency-injection
at org.testng.internal.Parameters.checkParameterTypes(Parameters.java:436)
at org.testng.internal.Parameters.createParametersForMethod(Parameters.java:350)
at org.testng.internal.Parameters.createParameters(Parameters.java:693)
at org.testng.internal.Parameters.createConfigurationParameters(Parameters.java:166)
at org.testng.internal.invokers.ConfigInvoker.invokeConfigurations(ConfigInvoker.java:306)
at org.testng.TestRunner.invokeTestConfigurations(TestRunner.java:663)
at org.testng.TestRunner.beforeRun(TestRunner.java:652)
at org.testng.TestRunner.run(TestRunner.java:614)
at org.testng.SuiteRunner.runTest(SuiteRunner.java:443)
at org.testng.SuiteRunner.runSequentially(SuiteRunner.java:437)
at org.testng.SuiteRunner.privateRun(SuiteRunner.java:397)
at org.testng.SuiteRunner.run(SuiteRunner.java:336)
at org.testng.SuiteRunnerWorker.runSuite(SuiteRunnerWorker.java:52)
at org.testng.SuiteRunnerWorker.run(SuiteRunnerWorker.java:95)
at org.testng.TestNG.runSuitesSequentially(TestNG.java:1280)
at org.testng.TestNG.runSuitesLocally(TestNG.java:1200)
at org.testng.TestNG.runSuites(TestNG.java:1114)
at org.testng.TestNG.run(TestNG.java:1082)
at org.testng.remote.AbstractRemoteTestNG.run(AbstractRemoteTestNG.java:115)
at org.testng.remote.RemoteTestNG.initAndRun(RemoteTestNG.java:251)
at org.testng.remote.RemoteTestNG.main(RemoteTestNG.java:77)
]]>
    </error>
  </testcase> <!-- setUp -->
  <testcase classname="PG.QA.PaymentMethod" name="VerifyPageHeader" time="0.000">
    <skipped/>
  </testcase> <!-- VerifyPageHeader -->
  <testcase classname="PG.QA.PaymentMethod" name="VerifyMerchantInfo" time="0.000">
    <skipped/>
  </testcase> <!-- VerifyMerchantInfo -->
  <testcase classname="PG.QA.PaymentMethod" name="VerifyPaybyCarddisplayed" time="0.000">
    <skipped/>
  </testcase> <!-- VerifyPaybyCarddisplayed -->
  <testcase classname="PG.QA.PaymentMethod" name="VerifyBankTransferdisplayed" time="0.000">
    <skipped/>
  </testcase> <!-- VerifyBankTransferdisplayed -->
  <testcase classname="PG.QA.PaymentMethod" name="PayByCardClick" time="0.000">
    <skipped/>
  </testcase> <!-- PayByCardClick -->
</testsuite> <!-- PG.QA.PaymentMethod -->
